AWSTemplateFormatVersion: '2010-09-09'
Description: Notifies root access
Resources:
  FnNoRoot:
    Properties:
      CodeUri: s3://code-bucket-codebucket-13xzx4onb8ets/3036b2759d5ec4924e25b077e1025cd6
      Environment:
        Variables:
          COE_TOPIC:
            Fn::ImportValue: coe-topic
      Handler: index.handler
      MemorySize: 128
      Policies:
      - Statement:
        - Action: sns:Publish
          Effect: Allow
          Resource: '*'
        Version: '2012-10-17'
      Runtime: nodejs6.10
      Timeout: 5
    Type: AWS::Serverless::Function
  FnNoRootPermission:
    Properties:
      Action: lambda:InvokeFunction
      FunctionName:
        Ref: FnNoRoot
      Principal:
        Fn::Join:
        - .
        - - logs
          - Ref: AWS::Region
          - amazonaws.com
    Type: AWS::Lambda::Permission
  NoRootFilter:
    DependsOn: FnNoRootPermission
    Properties:
      DestinationArn:
        Fn::GetAtt:
        - FnNoRoot
        - Arn
      FilterPattern: '{ $.userIdentity.type = "Root" && $.userIdentity.invokedBy NOT
        EXISTS && $.eventType != "AwsServiceEvent" }'
      LogGroupName:
        Fn::ImportValue: audit-loggroup
    Type: AWS::Logs::SubscriptionFilter
Transform: AWS::Serverless-2016-10-31
